# JRE version: Java(TM) SE Runtime Environment (8.0_171-b11) (build 1.8.0_171-b11)
# Java VM: Java HotSpot(TM) 64-Bit Server VM (25.171-b11 mixed mode windows-amd64 compressed oops)
Heap:
 PSYoungGen      total 310272K, used 17085K [0x00000000d5f00000, 0x00000000ed480000, 0x0000000100000000)
  eden space 290816K, 2% used [0x00000000d5f00000,0x00000000d65aa778,0x00000000e7b00000)
  from space 19456K, 52% used [0x00000000e8d80000,0x00000000e9784ec8,0x00000000ea080000)
  to   space 18944K, 0% used [0x00000000e7b00000,0x00000000e7b00000,0x00000000e8d80000)
 ParOldGen       total 101376K, used 25130K [0x0000000081c00000, 0x0000000087f00000, 0x00000000d5f00000)
  object space 101376K, 24% used [0x0000000081c00000,0x000000008348abb8,0x0000000087f00000)
 Metaspace       used 58038K, capacity 59058K, committed 59304K, reserved 1101824K
  class space    used 6959K, capacity 7215K, committed 7336K, reserved 1048576K
GC Heap History (10 events):
Event: 469.305 GC heap before
{Heap before GC invocations=17 (full 4):
 PSYoungGen      total 256512K, used 3328K [0x00000000d5f00000, 0x00000000ea600000, 0x0000000100000000)
  eden space 236544K, 0% used [0x00000000d5f00000,0x00000000d5f00000,0x00000000e4600000)
  from space 19968K, 16% used [0x00000000e4600000,0x00000000e4940290,0x00000000e5980000)
  to   space 19968K, 0% used [0x00000000e9280000,0x00000000e9280000,0x00000000ea600000)
 ParOldGen       total 101376K, used 31677K [0x0000000081c00000, 0x0000000087f00000, 0x00000000d5f00000)
  object space 101376K, 31% used [0x0000000081c00000,0x0000000083aef578,0x0000000087f00000)
 Metaspace       used 55757K, capacity 56550K, committed 56744K, reserved 1099776K
  class space    used 6818K, capacity 6997K, committed 7080K, reserved 1048576K
Event: 469.401 GC heap after
Heap after GC invocations=17 (full 4):
 PSYoungGen      total 256512K, used 0K [0x00000000d5f00000, 0x00000000ea600000, 0x0000000100000000)
  eden space 236544K, 0% used [0x00000000d5f00000,0x00000000d5f00000,0x00000000e4600000)
  from space 19968K, 0% used [0x00000000e4600000,0x00000000e4600000,0x00000000e5980000)
  to   space 19968K, 0% used [0x00000000e9280000,0x00000000e9280000,0x00000000ea600000)
 ParOldGen       total 101376K, used 25577K [0x0000000081c00000, 0x0000000087f00000, 0x00000000d5f00000)
  object space 101376K, 25% used [0x0000000081c00000,0x00000000834fa628,0x0000000087f00000)
 Metaspace       used 55734K, capacity 56468K, committed 56744K, reserved 1099776K
  class space    used 6816K, capacity 6992K, committed 7080K, reserved 1048576K
}
Event: 481.237 GC heap before
{Heap before GC invocations=18 (full 4):
 PSYoungGen      total 256512K, used 236544K [0x00000000d5f00000, 0x00000000ea600000, 0x0000000100000000)
  eden space 236544K, 100% used [0x00000000d5f00000,0x00000000e4600000,0x00000000e4600000)
  from space 19968K, 0% used [0x00000000e4600000,0x00000000e4600000,0x00000000e5980000)
  to   space 19968K, 0% used [0x00000000e9280000,0x00000000e9280000,0x00000000ea600000)
 ParOldGen       total 101376K, used 25577K [0x0000000081c00000, 0x0000000087f00000, 0x00000000d5f00000)
  object space 101376K, 25% used [0x0000000081c00000,0x00000000834fa628,0x0000000087f00000)
 Metaspace       used 56298K, capacity 57056K, committed 57256K, reserved 1099776K
  class space    used 6841K, capacity 7046K, committed 7080K, reserved 1048576K
Event: 481.255 GC heap after
Heap after GC invocations=18 (full 4):
 PSYoungGen      total 304640K, used 6684K [0x00000000d5f00000, 0x00000000ea080000, 0x0000000100000000)
  eden space 290304K, 0% used [0x00000000d5f00000,0x00000000d5f00000,0x00000000e7a80000)
  from space 14336K, 46% used [0x00000000e9280000,0x00000000e99073f0,0x00000000ea080000)
  to   space 19456K, 0% used [0x00000000e7a80000,0x00000000e7a80000,0x00000000e8d80000)
 ParOldGen       total 101376K, used 25585K [0x0000000081c00000, 0x0000000087f00000, 0x00000000d5f00000)
  object space 101376K, 25% used [0x0000000081c00000,0x00000000834fc628,0x0000000087f00000)
 Metaspace       used 56298K, capacity 57056K, committed 57256K, reserved 1099776K
  class space    used 6841K, capacity 7046K, committed 7080K, reserved 1048576K
}
Event: 533.510 GC heap before
{Heap before GC invocations=19 (full 4):
 PSYoungGen      total 304640K, used 29814K [0x00000000d5f00000, 0x00000000ea080000, 0x0000000100000000)
  eden space 290304K, 7% used [0x00000000d5f00000,0x00000000d75964a8,0x00000000e7a80000)
  from space 14336K, 46% used [0x00000000e9280000,0x00000000e99073f0,0x00000000ea080000)
  to   space 19456K, 0% used [0x00000000e7a80000,0x00000000e7a80000,0x00000000e8d80000)
 ParOldGen       total 101376K, used 25585K [0x0000000081c00000, 0x0000000087f00000, 0x00000000d5f00000)
  object space 101376K, 25% used [0x0000000081c00000,0x00000000834fc628,0x0000000087f00000)
 Metaspace       used 56307K, capacity 57062K, committed 57256K, reserved 1099776K
  class space    used 6841K, capacity 7048K, committed 7080K, reserved 1048576K
Event: 533.513 GC heap after
Heap after GC invocations=19 (full 4):
 PSYoungGen      total 309760K, used 2640K [0x00000000d5f00000, 0x00000000ea080000, 0x0000000100000000)
  eden space 290304K, 0% used [0x00000000d5f00000,0x00000000d5f00000,0x00000000e7a80000)
  from space 19456K, 13% used [0x00000000e7a80000,0x00000000e7d14090,0x00000000e8d80000)
  to   space 19456K, 0% used [0x00000000e8d80000,0x00000000e8d80000,0x00000000ea080000)
 ParOldGen       total 101376K, used 25593K [0x0000000081c00000, 0x0000000087f00000, 0x00000000d5f00000)
  object space 101376K, 25% used [0x0000000081c00000,0x00000000834fe628,0x0000000087f00000)
 Metaspace       used 56307K, capacity 57062K, committed 57256K, reserved 1099776K
  class space    used 6841K, capacity 7048K, committed 7080K, reserved 1048576K
}
Event: 533.513 GC heap before
{Heap before GC invocations=20 (full 5):
 PSYoungGen      total 309760K, used 2640K [0x00000000d5f00000, 0x00000000ea080000, 0x0000000100000000)
  eden space 290304K, 0% used [0x00000000d5f00000,0x00000000d5f00000,0x00000000e7a80000)
  from space 19456K, 13% used [0x00000000e7a80000,0x00000000e7d14090,0x00000000e8d80000)
  to   space 19456K, 0% used [0x00000000e8d80000,0x00000000e8d80000,0x00000000ea080000)
 ParOldGen       total 101376K, used 25593K [0x0000000081c00000, 0x0000000087f00000, 0x00000000d5f00000)
  object space 101376K, 25% used [0x0000000081c00000,0x00000000834fe628,0x0000000087f00000)
 Metaspace       used 56307K, capacity 57062K, committed 57256K, reserved 1099776K
  class space    used 6841K, capacity 7048K, committed 7080K, reserved 1048576K
Event: 533.622 GC heap after
Heap after GC invocations=20 (full 5):
 PSYoungGen      total 309760K, used 0K [0x00000000d5f00000, 0x00000000ea080000, 0x0000000100000000)
  eden space 290304K, 0% used [0x00000000d5f00000,0x00000000d5f00000,0x00000000e7a80000)
  from space 19456K, 0% used [0x00000000e7a80000,0x00000000e7a80000,0x00000000e8d80000)
  to   space 19456K, 0% used [0x00000000e8d80000,0x00000000e8d80000,0x00000000ea080000)
 ParOldGen       total 101376K, used 25122K [0x0000000081c00000, 0x0000000087f00000, 0x00000000d5f00000)
  object space 101376K, 24% used [0x0000000081c00000,0x0000000083488bb8,0x0000000087f00000)
 Metaspace       used 56300K, capacity 57050K, committed 57256K, reserved 1099776K
  class space    used 6840K, capacity 7045K, committed 7080K, reserved 1048576K
}
Event: 704.769 GC heap before
{Heap before GC invocations=21 (full 5):
 PSYoungGen      total 309760K, used 290304K [0x00000000d5f00000, 0x00000000ea080000, 0x0000000100000000)
  eden space 290304K, 100% used [0x00000000d5f00000,0x00000000e7a80000,0x00000000e7a80000)
  from space 19456K, 0% used [0x00000000e7a80000,0x00000000e7a80000,0x00000000e8d80000)
  to   space 19456K, 0% used [0x00000000e8d80000,0x00000000e8d80000,0x00000000ea080000)
 ParOldGen       total 101376K, used 25122K [0x0000000081c00000, 0x0000000087f00000, 0x00000000d5f00000)
  object space 101376K, 24% used [0x0000000081c00000,0x0000000083488bb8,0x0000000087f00000)
 Metaspace       used 57900K, capacity 58892K, committed 58920K, reserved 1101824K
  class space    used 6948K, capacity 7181K, committed 7208K, reserved 1048576K
Event: 704.786 GC heap after
Heap after GC invocations=21 (full 5):
 PSYoungGen      total 310272K, used 10259K [0x00000000d5f00000, 0x00000000ed480000, 0x0000000100000000)
  eden space 290816K, 0% used [0x00000000d5f00000,0x00000000d5f00000,0x00000000e7b00000)
  from space 19456K, 52% used [0x00000000e8d80000,0x00000000e9784ec8,0x00000000ea080000)
  to   space 18944K, 0% used [0x00000000e7b00000,0x00000000e7b00000,0x00000000e8d80000)
 ParOldGen       total 101376K, used 25130K [0x0000000081c00000, 0x0000000087f00000, 0x00000000d5f00000)
  object space 101376K, 24% used [0x0000000081c00000,0x000000008348abb8,0x0000000087f00000)
 Metaspace       used 57900K, capacity 58892K, committed 58920K, reserved 1101824K
  class space    used 6948K, capacity 7181K, committed 7208K, reserved 1048576K
}

